** Message: environement.vala:58: Exporting primary_variable
** Message: environement.vala:59: desktop_environnement XDG_CURRENT_DESKTOP
** Message: environement.vala:149: confir_dirs is null, export : /etc/xdg
** Message: environement.vala:183: Exporting XDG_CONFIG_DIRS
** Message: environement.vala:217: custom_data :
** Message: environement.vala:218: data_dirs :/usr/local/share:/usr/share/raspi-ui-overrides:/usr/share:/usr/share/gdm:/var/lib/menu-xdg
** Message: environement.vala:219: data_dirs not null, export : /usr/local/share:/usr/share/raspi-ui-overrides:/usr/share:/usr/share/gdm:/var/lib/menu-xdg
** Message: environement.vala:224: Exporting XDG_DATA_DIRS
** Message: utils.vala:68: User config used : /home/pi/.config/lxsession/LXDE-pi/desktop.conf
** Message: utils.vala:89: Final file used : /home/pi/.config/lxsession/LXDE-pi/desktop.conf
** Message: settings.vala:527: Key file does not have key 'iGtk/ColorScheme'
** Message: settings.vala:527: Key file does not have key 'windows_manager/command'
** Message: settings.vala:527: Key file does not have key 'panel/command'
** Message: settings.vala:527: Key file does not have key 'dock/command'
** Message: settings.vala:527: Key file does not have key 'file_manager/command'
** Message: settings.vala:527: Key file does not have key 'desktop_manager/command'
** Message: settings.vala:527: Key file does not have key 'launcher_manager/autostart'
** Message: settings.vala:527: Key file does not have key 'composite_manager/command'
** Message: settings.vala:527: Key file does not have key 'im1/command'
** Message: settings.vala:527: Key file does not have key 'im2/command'
** Message: settings.vala:527: Key file does not have key 'widget1/command'
** Message: settings.vala:527: Key file does not have key 'notification/command'
** Message: settings.vala:527: Key file does not have key 'keybindings/command'
** Message: settings.vala:527: Key file does not have key 'screensaver/command'
** Message: settings.vala:527: Key file does not have key 'power_manager/command'
** Message: settings.vala:527: Key file does not have key 'audio_manager/command'
** Message: settings.vala:527: Key file does not have key 'workspace_manager/command'
** Message: settings.vala:527: Key file does not have key 'screenshot_manager/command'
** Message: settings.vala:527: Key file does not have key 'message_manager/command'
** Message: settings.vala:527: Key file does not have key 'upgrade_manager/command'
** Message: settings.vala:527: Key file does not have key 'upstart_user_session'
** Message: settings.vala:527: Key file does not have key 'proxy_manager/http'
** Message: settings.vala:527: Key file does not have key 'a11y/command'
** Message: settings.vala:527: Key file does not have key 'xrandr/command'
** Message: settings.vala:527: Key file does not have key 'network_gui/command'
** Message: settings.vala:527: Key file does not have key 'webbrowser/command'
** Message: settings.vala:527: Key file does not have key 'email/command'
** Message: settings.vala:527: Key file does not have key 'pdf_reader/command'
** Message: settings.vala:527: Key file does not have key 'video_player/command'
** Message: settings.vala:527: Key file does not have key 'audio_player/command'
** Message: settings.vala:527: Key file does not have key 'images_display/command'
** Message: settings.vala:527: Key file does not have key 'text_editor/command'
** Message: settings.vala:527: Key file does not have key 'archive/command'
** Message: settings.vala:527: Key file does not have key 'charmap/command'
** Message: settings.vala:527: Key file does not have key 'calculator/command'
** Message: settings.vala:527: Key file does not have key 'spreadsheet/command'
** Message: settings.vala:527: Key file does not have key 'bittorent/command'
** Message: settings.vala:527: Key file does not have key 'document/command'
** Message: settings.vala:527: Key file does not have key 'webcam/command'
** Message: settings.vala:527: Key file does not have key 'burn/command'
** Message: settings.vala:527: Key file does not have key 'notes/command'
** Message: settings.vala:527: Key file does not have key 'disk_utility/command'
** Message: settings.vala:527: Key file does not have key 'tasks/command'
** Message: settings.vala:527: Key file does not have group 'Keymap'
** Message: settings.vala:527: Key file does not have key 'laptop_mode'
** Message: settings.vala:527: Key file does not have key 'gnome'
** Message: settings.vala:527: Key file does not have group 'Updates'
** Message: settings.vala:527: Key file does not have key 'type'
** Message: settings.vala:449: Monitoring: /home/pi/.config/lxsession/LXDE-pi/desktop.conf
** Message: settings.vala:453: Desktop file is already in config home, do nothing
** Message: environement.vala:79: Exporting variable
** Message: environement.vala:80: desktop_environnement XDG_CURRENT_DESKTOP
** Message: environement.vala:176: custom_config :
** Message: environement.vala:177: config_dirs :/etc/xdg
** Message: environement.vala:178: confir_dirs not null, export : /etc/xdg
** Message: environement.vala:183: Exporting XDG_CONFIG_DIRS
** Message: environement.vala:217: custom_data :
** Message: environement.vala:218: data_dirs :/usr/local/share:/usr/share/raspi-ui-overrides:/usr/share:/usr/share/gdm:/var/lib/menu-xdg
** Message: environement.vala:219: data_dirs not null, export : /usr/local/share:/usr/share/raspi-ui-overrides:/usr/share:/usr/share/gdm:/var/lib/menu-xdg
** Message: environement.vala:224: Exporting XDG_DATA_DIRS
** Message: utils.vala:79: Config system location : /etc/xdg/lxsession/LXDE-pi
** Message: utils.vala:85: System system path location : /etc/xdg/lxsession/LXDE-pi/conffiles.conf
** Message: utils.vala:89: Final file used : /etc/xdg/lxsession/LXDE-pi/conffiles.conf
** Message: options.vala:164: Activate xsettings_manager build-in
** Message: utils.vala:68: User config used : /home/pi/.config/lxsession/LXDE-pi/desktop.conf
** Message: utils.vala:89: Final file used : /home/pi/.config/lxsession/LXDE-pi/desktop.conf
xprop:  no such property "_NET_NUMBER_OF_DESKTOPS"
xprop:  no such property "_NET_DESKTOP_NAMES"
** Message: app.vala:717: polkit separate
** Message: app.vala:717: polkit separate
** Message: app.vala:76: Launching lxpolkit 
** Message: utils.vala:68: User config used : /home/pi/.config/lxsession/LXDE-pi/autostart
** Message: utils.vala:89: Final file used : /home/pi/.config/lxsession/LXDE-pi/autostart
** Message: autostart.vala:42: Autostart path : /home/pi/.config/lxsession/LXDE-pi/autostart
** Message: app.vala:76: Launching lxpanel 
** Message: app.vala:76: Launching pcmanfm 

** (lxsession:863): WARNING **: app.vala:86: Failed to execute child process "xscreensaver" (No such file or directory)

** (lxsession:863): WARNING **: app.vala:87: Error when launching xscreensaver
** Message: options.vala:107: Create build-in Clipboard
** Message: main.vala:429: Check keymap_mode (null** Message: main.vala:429: Check keymap_mode (null)
** Message: app.vala:76: Launching /usr/bin/ssh-agent 
SSH_AUTH_SOCK=/tmp/ssh-jFydEOGIIwqp/agent.928; export SSH_AUTH_SOCK;
SSH_AGENT_P
** (lxpolkit:913): WARNING **: Unable to registerXlib:  extension "RANDR" missing on display ":1".
Xlib:  extension "RANDR" missing on display ":1".
Obt-Message: XKB extension is not present on the server or too old
Obt-Message: Xinerama extension is not present on the server
Obt-Message: XRandR extension is not present on the server
** org.gtk.vfs.MountTracker.listMountableInfo call failed: GDBus.Error:org.forg.gtk.vfs.MountTracker.listMountableInfo call failed: GDBus.Error:org.freedesktop.DBus.Error.ServiceUnknown: The name org.gtk.vfs.Daemon was not provided by any .service files (g-dbus-error-quark, 2)
invoking IsSupported() failed for remote volume monitor with dbus name org.gtk.Private.UDisks2VolumeMonitor:: GDBus.Error:org.freedesktop.DBus.Error.ServiceUnknown: The name org.gtk.Private.UDisks2VolumeMonitor was not provided by any .service files (g-dbus-error-quark, 2)
org.gtk.vfs.MountTracker.listMountableInfo call failed: GDBus.Error:org.freedesktop.DBus.Error.ServiceUnknown: The name org.gtk.vfs.Daemon was not provided by any .service files (g-dbus-error-quark, 2)
invoking IsSupported() failed for remote volume monitor with dbus name org.gtk.Private.UDisks2VolumeMonitor:: GDBus.Error:org.freedesktop.DBus.Error.ServiceUnknown: The name org.gtk.Private.UDisks2VolumeMonitor was not provided by any .service files (g-dbus-error-quark, 2)
invoking IsSupported() failed for remote volume monitor with dbus name org.gtk.Private.AfcVolumeMonitor:: GDBus.Error:org.freedesktop.DBus.Error.ServiceUnknown: The name org.gtk.Private.AfcVolumeMonitor was not provided by any .service files (g-dbus-error-quark, 2)
invoking IsSupported() failed for remote volume monitor with dbus name org.gtk.Private.AfcVolumeMonitor:: GDBus.Error:org.freedesktop.DBus.Error.ServiceUnknown: The name org.gtk.Private.AfcVolumeMonitor was not provided by any .service files (g-dbus-error-quark, 2)
invoking IsSupported() failed for remote volume monitor with dbus name org.gtk.Priorg.gtk.vfs.MountTracker.listMountableInfo call failed: GDBus.Error:org.freedesktop.DBus.Error.ServiceUnknown: The name org.gtk.vfs.Daemon was not provided by any .service files (g-dbus-error-quark, 2)
invoking IsSupported() failed for remote volume monitor with dbus name org.gtk.Private.UDisks2VolumeMonitor:: GDBus.Error:org.freedesktop.DBus.Error.ServiceUnknown: The name org.gtk.Private.UDisks2VolumeMonitor was not provided by any .service files (g-dbus-error-quark, 2)
invoking IsSupported() failed for remote volume monitor with dbus name org.gtk.Private.AfcVolumeMonitor:: GDBus.Error:org.freedesktop.DBus.Error.ServiceUnknown: The name org.gtk.Private.AfcVolumeMonitor was not provided by any .service files (g-dbus-error-quark, 2)
invoking IsSupported() failed for remote volume monitor with dbus name org.gtk.Private.MTPVolumeMonitor:: GDBus.Error:org.freedesktop.DBus.Error.ServiceUnknown: The name org.gtk.Private.MTPVolumeMonitor was not provided by any .service files (g-dbus-error-quark, 2)
invoking IsSupported() failed for remote volume monitor with dbus name org.gtk.Private.GPhoto2VolumeMonitor:: GDBus.Error:org.freedesktop.DBus.Error.ServiceUnknown: The name org.gtk.Private.GPhoto2VolumeMonitor was not provided by any .service files (g-dbus-error-quark, 2)
invoking IsSupported() failed for remote volume monitor with dbus name org.gtk.Private.GoaVolumeMonitor:: GDBus.Error:org.freedesktop.DBus.Error.ServiceUnknown: The name org.gtk.Private.GoaVolumeMonitor was not provided by any .service files (g-dbus-error-quark, 2)
** Message: x-terminal-emulator has very limited support, consider choose another terminal
Openbox-Message: Unable to find a valid menu file "/usr/share/lxde/openbox/menu.xml"
org.gtk.vfs.MountTracker.listMountableInfo call failed: GDBus.Error:org.freedesktop.DBus.Error.ServiceUnknown: The name org.gtk.vfs.Daemon was not provided by any .service files (g-dbus-error-quark, 2)
** Message: Connecting ...
** Message: Status changed to down
** Message: Status changed to opened
** Message: Connected to dhcpcd-6.7.1
** Message: Status changed to connected
** Message: eth0: CARRIER
** Message: eth0: Configured 129.31.147.114/24
** Message: wlan0: Not associated
** Message: wlan0: Received scan results
** Message: bt: Name org.bluez owned on DBus
** Message: bt: New agent manager found
** Message: bt: New adapter found
** Message: va: Name org.bluez owned on DBus
** Message: va: Stopping PulseAudio
** Message: wlan0: Associated with Imperial-WPA
** Message: wlan0: Configured 169.254.130.151/16
** Message: wlan0: Configured 129.31.222.180/21
** Message: wlan0: Received scan results
** Message: wlan0: Received scan results
** Message: wlan0: Received scan results
** Message: wlan0: Received scan results
** Message: eth0: Configured 129.31.147.114/24
** Message: wlan0: Received scan results
** Message: wlan0: Configured 129.31.222.180/21
** Message: wlan0: Received scan results
** Message: wlan0: Received scan results
** Message: wlan0: Received scan results
** Message: wlan0: Received scan results
** Message: eth0: Configured 129.31.147.114/24
** Message: wlan0: Received scan results
** Message: wlan0: Configured 129.31.222.180/21
** Message: wlan0: Received scan results
** Message: wlan0: Received scan results
** Message: wlan0: Received scan results
** Message: wlan0: Received scan results
** Message: eth0: Configured 129.31.147.114/24
** Message: wlan0: Received scan results
** Message: wlan0: Configured 129.31.222.180/21
** Message: wlan0: Received scan results
** Message: wlan0: Received scan results
** Message: wlan0: Received scan results
** Message: wlan0: Received scan results
** Message: eth0: Configured 129.31.147.114/24
** Message: wlan0: Received scan results
** Message: wlan0: Configured 129.31.222.180/21
** Message: wlan0: Received scan results
** Message: wlan0: Received scan results
** Message: wlan0: Received scan results
** Message: wlan0: Received scan results
** Message: eth0: Configured 129.31.147.114/24
** Message: wlan0: Received scan results
** Message: wlan0: Configured 129.31.222.180/21
** Message: wlan0: Received scan results
** Message: wlan0: Received scan results
** Message: wlan0: Received scan results
** Message: wlan0: Received scan results
** Message: eth0: Configured 129.31.147.114/24
** Message: wlan0: Received scan results
** Message: wlan0: Configured 129.31.222.180/21
** Message: wlan0: Received scan results
** Message: wlan0: Received scan results
** Message: wlan0: Received scan results
** Message: wlan0: Received scan results
** Message: eth0: Configured 129.31.147.114/24
** Message: wlan0: Received scan results
** Message: wlan0: Configured 129.31.222.180/21
** Message: wlan0: Received scan results
** Message: wlan0: Received scan results
** Message: wlan0: Received scan results
** Message: wlan0: Received scan results
** Message: eth0: Configured 129.31.147.114/24
** Message: wlan0: Received scan results
** Message: wlan0: Configured 129.31.222.180/21
** Message: wlan0: Received scan results
** Message: wlan0: Received scan results
** Message: wlan0: Received scan results
** Message: wlan0: Received scan results
** Message: eth0: Configured 129.31.147.114/24
** Message: wlan0: Received scan results
** Message: wlan0: Configured 129.31.222.180/21
** Message: wlan0: Received scan results
** Message: wlan0: Received scan results
** Message: wlan0: Received scan results
** Message: wlan0: Received scan results
** Message: eth0: Configured 129.31.147.114/24
** Message: wlan0: Received scan results
** Message: wlan0: Configured 129.31.222.180/21
** Message: wlan0: Received scan results
** Message: wlan0: Received scan results
** Message: wlan0: Received scan results
** Message: wlan0: Received scan results
** Message: eth0: Configured 129.31.147.114/24
** Message: wlan0: Received scan results
** Message: wlan0: Configured 129.31.222.180/21
** Message: wlan0: Received scan results
** Message: wlan0: Received scan results
** Message: wlan0: Received scan results
** Message: wlan0: Received scan results
** Message: eth0: Configured 129.31.147.114/24
** Message: wlan0: Received scan results
** Message: wlan0: Configured 129.31.222.180/21
** Message: wlan0: Received scan results
** Message: wlan0: Received scan results
** Message: wlan0: Received scan results
** Message: wlan0: Received scan results
** Message: eth0: Configured 129.31.147.114/24
** Message: wlan0: Received scan results
** Message: wlan0: Configured 129.31.222.180/21
** Message: wlan0: Received scan results
** Message: wlan0: Received scan results
** Message: wlan0: Received scan results
** Message: wlan0: Received scan results
** Message: eth0: Configured 129.31.147.114/24
** Message: wlan0: Received scan results
** Message: wlan0: Configured 129.31.222.180/21
** Message: wlan0: Received scan results
** Message: wlan0: Received scan results
** Message: wlan0: Received scan results
** Message: wlan0: Received scan results
** Message: eth0: Configured 129.31.147.114/24
** Message: wlan0: Received scan results
** Message: wlan0: Configured 129.31.222.180/21
** Message: wlan0: Received scan results
** Message: wlan0: Received scan results
** Message: wlan0: Received scan results
** Message: wlan0: Received scan results
** Message: eth0: Configured 129.31.147.114/24
** Message: wlan0: Received scan results
** Message: wlan0: Configured 129.31.222.180/21
** Message: wlan0: Received scan results
** Message: wlan0: Received scan results
** Message: wlan0: Received scan results
** Message: wlan0: Received scan results
** Message: eth0: Configured 129.31.147.114/24
** Message: wlan0: Received scan results
** Message: wlan0: Configured 129.31.222.180/21
** Message: wlan0: Received scan results
** Message: wlan0: Received scan results
** Message: wlan0: Received scan results
** Message: wlan0: Received scan results
** Message: eth0: Configured 129.31.147.114/24
** Message: wlan0: Received scan results
** Message: wlan0: Configured 129.31.222.180/21
** Message: wlan0: Received scan results
** Message: wlan0: Received scan results
** Message: wlan0: Received scan results
** Message: wlan0: Received scan results
** Message: eth0: Configured 129.31.147.114/24
** Message: wlan0: Received scan results
** Message: wlan0: Configured 129.31.222.180/21
** Message: wlan0: Received scan results
** Message: wlan0: Received scan results
** Message: wlan0: Received scan results
** Message: wlan0: Received scan results
** Message: eth0: Configured 129.31.147.114/24
** Message: wlan0: Received scan results
** Message: wlan0: Configured 129.31.222.180/21
** Message: wlan0: Received scan results
** Message: wlan0: Received scan results
** Message: wlan0: Received scan results
** Message: wlan0: Received scan results
** Message: wlan0: Received scan results
** Message: eth0: Configured 129.31.147.114/24
** Message: wlan0: Received scan results
** Message: wlan0: Configured 129.31.222.180/21
** Message: wlan0: Received scan results
** Message: wlan0: Received scan results
** Message: wlan0: Received scan results
** Message: wlan0: Received scan results
** Message: eth0: Configured 129.31.147.114/24
** Message: wlan0: Received scan results
** Message: wlan0: Configured 129.31.222.180/21
** Message: wlan0: Received scan results
** Message: wlan0: Received scan results
** Message: wlan0: Received scan results
** Message: wlan0: Received scan results
** Message: eth0: Configured 129.31.147.114/24
** Message: wlan0: Received scan results
** Message: wlan0: Configured 129.31.222.180/21
** Message: wlan0: Received scan results
** Message: wlan0: Received scan results
** Message: wlan0: Received scan results
** Message: wlan0: Received scan results
** Message: eth0: Configured 129.31.147.114/24
** Message: wlan0: Received scan results
** Message: wlan0: Configured 129.31.222.180/21
** Message: wlan0: Received scan results
** Message: wlan0: Received scan results
** Message: wlan0: Received scan results
** Message: wlan0: Received scan results
** Message: eth0: Configured 129.31.147.114/24
** Message: wlan0: Received scan results
** Message: wlan0: Configured 129.31.222.180/21
** Message: wlan0: Received scan results
** Message: wlan0: Received scan results
** Message: wlan0: Received scan results
** Message: wlan0: Received scan results
** Message: eth0: Configured 129.31.147.114/24
** Message: wlan0: Received scan results
** Message: wlan0: Configured 129.31.222.180/21
** Message: wlan0: Received scan results
** Message: wlan0: Received scan results
** Message: wlan0: Received scan results
** Message: wlan0: Received scan results
** Message: eth0: Configured 129.31.147.114/24
** Message: wlan0: Received scan results
** Message: wlan0: Configured 129.31.222.180/21
** Message: wlan0: Received scan results
** Message: wlan0: Received scan results
** Message: wlan0: Received scan results
** Message: wlan0: Received scan results
** Message: eth0: Configured 129.31.147.114/24
** Message: wlan0: Received scan results
** Message: wlan0: Configured 129.31.222.180/21
** Message: wlan0: Received scan results
** Message: wlan0: Received scan results
** Message: wlan0: Received scan results
 'cat /proc/0/cmdline'
cat: /proc/0/cmdline: No such file or directory

** (lxpanel:917): WARNING **: ltbp: fgets 'cat /proc/0/cmdline'
cat: /proc/0/cmdline: No such file or directory

** (lxpanel:917): WARNING **: ltbp: fgets 'cat /proc/0/cmdline'
cat: /proc/0/cmdline: No such file or directory

** (lxpanel:917): WARNING **: ltbp: fgets 'cat /proc/0/cmdline'
** Message: wlan0: Received scan results
cat: /proc/0/cmdline: No such file or directory

** (lxpanel:917): WARNING **: ltbp: fgets 'cat /proc/0/cmdline'
cat: /proc/0/cmdline: No such file or directory

** (lxpanel:917): WARNING **: ltbp: fgets 'cat /proc/0/cmdline'
cat: /proc/0/cmdline: No such file or directory

** (lxpanel:917): WARNING **: ltbp: fgets 'cat /proc/0/cmdline'
cat: /proc/0/cmdline: No such file or directory

** (lxpanel:917): WARNING **: ltbp: fgets 'cat /proc/0/cmdline'
** Message: eth0: Configured 129.31.147.114/24
** Message: wlan0: Received scan results
cat: /proc/0/cmdline: No such file or directory

** (lxpanel:917): WARNING **: ltbp: fgets 'cat /proc/0/cmdline'
cat: /proc/0/cmdline: No such file or directory

** (lxpanel:917): WARNING **: ltbp: fgets 'cat /proc/0/cmdline'
cat: /proc/0/cmdline: No such file or directory

** (lxpanel:917): WARNING **: ltbp: fgets 'cat /proc/0/cmdline'
cat: /proc/0/cmdline: No such file or directory

** (lxpanel:917): WARNING **: ltbp: fgets 'cat /proc/0/cmdline'
** Message: wlan0: Configured 129.31.222.180/21
** Message: wlan0: Received scan results
cat: /proc/0/cmdline: No such file or directory

** (lxpanel:917): WARNING **: ltbp: fgets 'cat /proc/0/cmdline'
** Message: wlan0: Received scan results

(openbox:908): GLib-CRITICAL **: Source ID 22 was not found when attempting to remove it

(openbox:908): GLib-CRITICAL **: Source ID 23 was not found when attempting to remove it
** Message: wlan0: Received scan results
cat: /proc/0/cmdline: No such file or directory

** (lxpanel:917): WARNING **: ltbp: fgets 'cat /proc/0/cmdline'
** Message: wlan0: Received scan results
cat: /proc/0/cmdline: No such file or directory

** (lxpanel:917): WARNING **: ltbp: fgets 'cat /proc/0/cmdline'
** Message: eth0: Configured 129.31.147.114/24
** Message: wlan0: Received scan results
** Message: wlan0: Configured 129.31.222.180/21
** Message: wlan0: Received scan results
** Message: wlan0: Received scan results
** Message: wlan0: Received scan results
cat: /proc/0/cmdline: No such file or directory

** (lxpanel:917): WARNING **: ltbp: fgets 'cat /proc/0/cmdline'

(openbox:908): GLib-CRITICAL **: Source ID 14 was not found when attempting to remove it
** Message: wlan0: Received scan results
Xlib:  extension "XInputExtension" missing on display ":1".
Xlib:  extension "XInputExtension" missing on display ":1".
cat: /proc/0/cmdline: No such file or directory

** (lxpanel:917): WARNING **: ltbp: fgets 'cat /proc/0/cmdline'
Xlib:  extension "XInputExtension" missing on display ":1".
Xlib:  extension "XInputExtension" missing on display ":1".
Xlib:  extension "RANDR" missing on display ":1.0".
Xlib:  extension "XInputExtension" missing on display ":1".
Xlib:  extension "XInputExtension" missing on display ":1".

(pcmanfm:920): Gtk-WARNING **: Radio group does not contain an action with value '0'

(pcmanfm:920): Gtk-WARNING **: Radio group does not contain an action with value '0'

(pcmanfm:920): Gtk-WARNING **: Radio group does not contain an action with value '0'
Xlib:  extension "XInputExtension" missing on display ":1".
Xlib:  extension "XInputExtension" missing on display ":1".

(pcmanfm:920): Gtk-WARNING **: Radio group does not contain an action with value '0'

(pcmanfm:920): Gtk-WARNING **: Radio group does not contain an action with value '0'

(pcmanfm:920): Gtk-WARNING **: Radio group does not contain an action with value '0'

(pcmanfm:920): Gtk-WARNING **: Radio group does not contain an action with value '0'

(pcmanfm:920): Gtk-WARNING **: Radio group does not contain an action with value '0'
** Message: eth0: Configured 129.31.147.114/24

(pcmanfm:920): Gtk-WARNING **: Radio group does not contain an action with value '0'

(pcmanfm:920): Gtk-WARNING **: Radio group does not contain an action with value '0'

(pcmanfm:920): Gtk-WARNING **: Radio group does not contain an action with value '0'

(pcmanfm:920): Gtk-WARNING **: Radio group does not contain an action with value '0'
** Message: wlan0: Received scan results

(pcmanfm:920): Gtk-WARNING **: Radio group does not contain an action with value '0'

(pcmanfm:920): Gtk-WARNING **: Radio group does not contain an action with value '0'

(pcmanfm:920): Gtk-WARNING **: Radio group does not contain an action with value '0'
Xlib:  extension "XInputExtension" missing on display ":1".
Xlib:  extension "XInputExtension" missing on display ":1".
cat: /proc/0/cmdline: No such file or directory

** (lxpanel:917): WARNING **: ltbp: fgets 'cat /proc/0/cmdline'
Xlib:  extension "XInputExtension" missing on display ":1".
Xlib:  extension "XInputExtension" missing on display ":1".
** Message: wlan0: Configured 129.31.222.180/21
** Message: wlan0: Received scan results
** Message: wlan0: Received scan results
cat: /proc/0/cmdline: No such file or directory

** (lxpanel:917): WARNING **: ltbp: fgets 'cat /proc/0/cmdline'

(pcmanfm:920): Gtk-WARNING **: Radio group does not contain an action with value '0'
** Message: wlan0: Received scan results
** Message: wlan0: Received scan results
Xlib:  extension "XInputExtension" missing on display ":1".
Xlib:  extension "XInputExtension" missing on display ":1".
cat: /proc/0/cmdline: No such file or directory

** (lxpanel:917): WARNING **: ltbp: fgets 'cat /proc/0/cmdline'
** Message: eth0: Configured 129.31.147.114/24
** Message: wlan0: Received scan results
Xlib:  extension "XInputExtension" missing on display ":1".
Xlib:  extension "XInputExtension" missing on display ":1".

(openbox:908): GLib-CRITICAL **: Source ID 29 was not found when attempting to remove it
cat: /proc/0/cmdline: No such file or directory

** (lxpanel:917): WARNING **: ltbp: fgets 'cat /proc/0/cmdline'
** Message: wlan0: Configured 129.31.222.180/21
cat: /proc/0/cmdline: No such file or directory

** (lxpanel:917): WARNING **: ltbp: fgets 'cat /proc/0/cmdline'
** Message: wlan0: Received scan results
cat: /proc/0/cmdline: No such file or directory

** (lxpanel:917): WARNING **: ltbp: fgets 'cat /proc/0/cmdline'
cat: /proc/0/cmdline: No such file or directory

** (lxpanel:917): WARNING **: ltbp: fgets 'cat /proc/0/cmdline'
** Message: wlan0: Received scan results

(openbox:908): GLib-CRITICAL **: Source ID 31 was not found when attempting to remove it
** Message: wlan0: Received scan results

(openbox:908): GLib-CRITICAL **: Source ID 32 was not found when attempting to remove it

(openbox:908): GLib-CRITICAL **: Source ID 33 was not found when attempting to remove it
** Message: wlan0: Received scan results

(openbox:908): GLib-CRITICAL **: Source ID 28 was not found when attempting to remove it

(openbox:908): GLib-CRITICAL **: Source ID 35 was not found when attempting to remove it
** Message: eth0: Configured 129.31.147.114/24

(openbox:908): GLib-CRITICAL **: Source ID 24 was not found when attempting to remove it
** Message: wlan0: Received scan results
** Message: wlan0: Configured 129.31.222.180/21
** Message: wlan0: Received scan results
cat: /proc/0/cmdline: No such file or directory

** (lxpanel:917): WARNING **: ltbp: fgets 'cat /proc/0/cmdline'
** Message: wlan0: Received scan results
** Message: wlan0: Received scan results
Openbox-Message: Requested key "Print" does not exist on the display
Openbox-Message: Requested key "Super_L" does not exist on the display
cat: /proc/0/cmdline: No such file or directory

** (lxpanel:917): WARNING **: ltbp: fgets 'cat /proc/0/cmdline'
cat: /proc/0/cmdline: No such file or directory

** (lxpanel:917): WARNING **: ltbp: fgets 'cat /proc/0/cmdline'
** Message: wlan0: Received scan results
** Message: eth0: Configured 129.31.147.114/24
** Message: wlan0: Received scan results
** Message: wlan0: Configured 129.31.222.180/21
** Message: wlan0: Received scan results
** Message: wlan0: Received scan results

(pcmanfm:920): Gtk-WARNING **: Radio group does not contain an action with value '0'

(pcmanfm:920): Gtk-WARNING **: Radio group does not contain an action with value '0'
** Message: wlan0: Received scan results

(pcmanfm:920): Gtk-WARNING **: Radio group does not contain an action with value '0'
Xlib:  extension "XInputExtension" missing on display ":1".
Xlib:  extension "XInputExtension" missing on display ":1".
Xlib:  extension "RANDR" missing on display ":1.0".
org.gtk.vfs.MountTracker.listMountableInfo call failed: GDBus.Error:org.freedesktop.DBus.Error.ServiceUnknown: The name org.gtk.vfs.Daemon was not provided by any .service files (g-dbus-error-quark, 2)
Xlib:  extension "XInputExtension" missing on display ":1".
Xlib:  extension "XInputExtension" missing on display ":1".

(pcmanfm:920): Gtk-WARNING **: Radio group does not contain an action with value '0'

(pcmanfm:920): Gtk-WARNING **: Radio group does not contain an action with value '0'
** Message: wlan0: Received scan results

(pcmanfm:920): Gtk-WARNING **: Radio group does not contain an action with value '0'

(pcmanfm:920): Gtk-WARNING **: Radio group does not contain an action with value '0'

(pcmanfm:920): Gtk-WARNING **: Radio group does not contain an action with value '0'
Xlib:  extension "XInputExtension" missing on display ":1".
Xlib:  extension "XInputExtension" missing on display ":1".
Xlib:  extension "RANDR" missing on display ":1.0".
org.gtk.vfs.MountTracker.listMountableInfo call failed: GDBus.Error:org.freedesktop.DBus.Error.ServiceUnknown: The name org.gtk.vfs.Daemon was not provided by any .service files (g-dbus-error-quark, 2)
Xlib:  extension "XInputExtension" missing on display ":1".
Xlib:  extension "XInputExtension" missing on display ":1".
** Message: eth0: Configured 129.31.147.114/24
** Message: wlan0: Received scan results
** Message: wlan0: Configured 129.31.222.180/21
** Message: wlan0: Received scan results
** Message: wlan0: Received scan results

(openbox:908): GLib-CRITICAL **: Source ID 38 was not found when attempting to remove it
cat: /proc/0/cmdline: No such file or directory

** (lxpanel:917): WARNING **: ltbp: fgets 'cat /proc/0/cmdline'
cat: /proc/0/cmdline: No such file or directory

** (lxpanel:917): WARNING **: ltbp: fgets 'cat /proc/0/cmdline'
** Message: wlan0: Received scan results
Xlib:  extension "XInputExtension" missing on display ":1".
Xlib:  extension "XInputExtension" missing on display ":1".
Xlib:  extension "RANDR" missing on display ":1.0".
Xlib:  extension "XInputExtension" missing on display ":1".
Xlib:  extension "XInputExtension" missing on display ":1".
cat: /proc/0/cmdline: No such file or directory

** (lxpanel:917): WARNING **: ltbp: fgets 'cat /proc/0/cmdline'
** Message: wlan0: Received scan results
** Message: eth0: Configured 129.31.147.114/24
** Message: wlan0: Received scan results
** Message: wlan0: Configured 129.31.222.180/21
** Message: wlan0: Received scan results
cat: /proc/0/cmdline: No such file or directory

** (lxpanel:917): WARNING **: ltbp: fgets 'cat /proc/0/cmdline'
** Message: wlan0: Received scan results
** Message: wlan0: Received scan results
cat: /proc/0/cmdline: No such file or directory

** (lxpanel:917): WARNING **: ltbp: fgets 'cat /proc/0/cmdline'
** Message: wlan0: Received scan results
** Message: eth0: Configured 129.31.147.114/24
** Message: wlan0: Received scan results
cat: /proc/0/cmdline: No such file or directory

** (lxpanel:917): WARNING **: ltbp: fgets 'cat /proc/0/cmdline'
** Message: wlan0: Configured 129.31.222.180/21
** Message: wlan0: Received scan results
** Message: wlan0: Received scan results
** Message: wlan0: Received scan results
** Message: wlan0: Received scan results
Openbox-Message: Requested key "Print" does not exist on the display
Openbox-Message: Requested key "Super_L" does not exist on the display
** Message: eth0: Configured 129.31.147.114/24
** Message: wlan0: Received scan results
** Message: wlan0: Configured 129.31.222.180/21
** Message: wlan0: Received scan results
cat: /proc/0/cmdline: No such file or directory

** (lxpanel:917): WARNING **: ltbp: fgets 'cat /proc/0/cmdline'
** Message: wlan0: Received scan results
** Message: wlan0: Received scan results
** Message: wlan0: Received scan results
** Message: eth0: Configured 129.31.147.114/24
** Message: wlan0: Received scan results
** Message: wlan0: Configured 129.31.222.180/21
** Message: wlan0: Received scan results
** Message: wlan0: Received scan results
** Message: wlan0: Received scan results

(openbox:908): GLib-CRITICAL **: Source ID 45 was not found when attempting to remove it
** Message: wlan0: Received scan results
** Message: eth0: Configured 129.31.147.114/24
** Message: wlan0: Received scan results
** Message: wlan0: Configured 129.31.222.180/21
** Message: wlan0: Received scan results
** Message: wlan0: Received scan results
** Message: wlan0: Received scan results
** Message: wlan0: Received scan results
** Message: eth0: Configured 129.31.147.114/24
** Message: wlan0: Received scan results
cat: /proc/0/cmdline: No such file or directory

** (lxpanel:917): WARNING **: ltbp: fgets 'cat /proc/0/cmdline'
** Message: wlan0: Configured 129.31.222.180/21
** Message: wlan0: Received scan results
** Message: wlan0: Received scan results
** Message: wlan0: Received scan results
** Message: wlan0: Received scan results
** Message: wlan0: Received scan results
** Message: eth0: Configured 129.31.147.114/24
** Message: wlan0: Received scan results
** Message: wlan0: Configured 129.31.222.180/21
** Message: wlan0: Received scan results
** Message: wlan0: Received scan results
** Message: wlan0: Received scan results
** Message: wlan0: Received scan results
** Message: eth0: Configured 129.31.147.114/24
** Message: wlan0: Received scan results
cat: /proc/0/cmdline: No such file or directory

** (lxpanel:917): WARNING **: ltbp: fgets 'cat /proc/0/cmdline'
** Message: wlan0: Configured 129.31.222.180/21
** Message: wlan0: Received scan results
** Message: wlan0: Received scan results
** Message: wlan0: Received scan results
cat: /proc/0/cmdline: No such file or directory

** (lxpanel:917): WARNING **: ltbp: fgets 'cat /proc/0/cmdline'
** Message: wlan0: Received scan results
** Message: eth0: Configured 129.31.147.114/24
** Message: wlan0: Received scan results
** Message: wlan0: Configured 129.31.222.180/21
** Message: wlan0: Received scan results
** Message: wlan0: Received scan results
** Message: wlan0: Received scan results
** Message: wlan0: Received scan results

(openbox:908): GLib-CRITICAL **: Source ID 46 was not found when attempting to remove it
** Message: eth0: Configured 129.31.147.114/24
** Message: wlan0: Received scan results
** Message: wlan0: Configured 129.31.222.180/21
** Message: wlan0: Received scan results

(openbox:908): GLib-CRITICAL **: Source ID 48 was not found when attempting to remove it
** Message: wlan0: Received scan results
** Message: wlan0: Received scan results
** Message: wlan0: Received scan results
** Message: eth0: Configured 129.31.147.114/24
** Message: wlan0: Received scan results
** Message: wlan0: Configured 129.31.222.180/21
** Message: wlan0: Received scan results
** Message: wlan0: Received scan results
** Message: wlan0: Received scan results
** Message: wlan0: Received scan results
** Message: eth0: Configured 129.31.147.114/24
** Message: wlan0: Received scan results
** Message: wlan0: Configured 129.31.222.180/21
** Message: wlan0: Received scan results
** Message: wlan0: Received scan results
** Message: wlan0: Received scan results
** Message: wlan0: Received scan results
** Message: eth0: Configured 129.31.147.114/24
** Message: wlan0: Received scan results
** Message: wlan0: Configured 129.31.222.180/21
** Message: wlan0: Received scan results
** Message: wlan0: Received scan results
** Message: wlan0: Received scan results
** Message: wlan0: Received scan results
** Message: eth0: Configured 129.31.147.114/24
Xlib:  extension "XInputExtension" missing on display ":1".
Xlib:  extension "XInputExtension" missing on display ":1".

** (x-www-browser:18712): WARNING **: Error retrieving accessibility bus address: org.freedesktop.DBus.Error.ServiceUnknown: The name org.a11y.Bus was not provided by any .service files
org.gtk.vfs.MountTracker.listMountableInfo call failed: GDBus.Error:org.freedesktop.DBus.Error.ServiceUnknown: The name org.gtk.vfs.Daemon was not provided by any .service files (g-dbus-error-quark, 2)
Xlib:  extension "XInputExtension" missing on display ":1".
Xlib:  extension "XInputExtension" missing on display ":1".
** Message: Remote error from secret service: org.freedesktop.DBus.Error.ServiceUnknown: The name org.freedesktop.secrets was not provided by any .service files

** (epiphany-browser:18712): WARNING **: Error caching form data: The name org.freedesktop.secrets was not provided by any .service files
** Message: wlan0: Received scan results
** Message: wlan0: Configured 129.31.222.180/21
** Message: wlan0: Received scan results

(openbox:908): GLib-CRITICAL **: Source ID 42 was not found when attempting to remove it

(openbox:908): GLib-CRITICAL **: Source ID 51 was not found when attempting to remove it

(openbox:908): GLib-CRITICAL **: Source ID 36 was not found when attempting to remove it

(pcmanfm:920): Gtk-WARNING **: Radio group does not contain an action with value '0'
Xlib:  extension "XInputExtension" missing on display ":1".
Xlib:  extension "XInputExtension" missing on display ":1".
cat: /proc/0/cmdline: No such file or directory

** (lxpanel:917): WARNING **: ltbp: fgets 'cat /proc/0/cmdline'
cat: /proc/0/cmdline: No such file or directory

** (lxpanel:917): WARNING **: ltbp: fgets 'cat /proc/0/cmdline'
** Message: wlan0: Received scan results
Xlib:  extension "XInputExtension" missing on display ":1".
Xlib:  extension "XInputExtension" missing on display ":1".
** Message: wlan0: Received scan results
